e:\demo5\app\app\release\app.pch
e:\demo5\app\app\release\vc140.pdb
e:\demo5\app\app\release\stdafx.obj
e:\demo5\app\app\release\httpserver.obj
e:\demo5\app\app\release\app.obj
e:\demo5\app\app\release\enclave_u.obj
e:\demo5\app\app\enclave_u.h
e:\demo5\app\app\enclave_u.c
e:\demo5\app\release\app.exe
e:\demo5\app\release\app.ipdb
e:\demo5\app\release\app.iobj
e:\demo5\app\release\app.pdb
e:\demo5\app\app\release\app.tlog\cl.command.1.tlog
e:\demo5\app\app\release\app.tlog\cl.read.1.tlog
e:\demo5\app\app\release\app.tlog\cl.write.1.tlog
e:\demo5\app\app\release\app.tlog\custombuild.command.1.tlog
e:\demo5\app\app\release\app.tlog\custombuild.read.1.tlog
e:\demo5\app\app\release\app.tlog\custombuild.write.1.tlog
e:\demo5\app\app\release\app.tlog\link.command.1.tlog
e:\demo5\app\app\release\app.tlog\link.read.1.tlog
e:\demo5\app\app\release\app.tlog\link.write.1.tlog
