e:\demo6\app\app\debug\vc140.pdb
e:\demo6\app\app\debug\app.pch
e:\demo6\app\app\debug\vc140.idb
e:\demo6\app\app\debug\stdafx.obj
e:\demo6\app\app\debug\app.obj
e:\demo6\app\app\debug\httpserver.obj
e:\demo6\app\app\debug\enclave_u.obj
e:\demo6\app\app\enclave_u.h
e:\demo6\app\app\enclave_u.c
e:\demo6\app\debug\app.ilk
e:\demo6\app\debug\app.exe
e:\demo6\app\debug\app.pdb
e:\demo6\app\app\debug\app.tlog\cl.command.1.tlog
e:\demo6\app\app\debug\app.tlog\cl.read.1.tlog
e:\demo6\app\app\debug\app.tlog\cl.write.1.tlog
e:\demo6\app\app\debug\app.tlog\custombuild.command.1.tlog
e:\demo6\app\app\debug\app.tlog\custombuild.read.1.tlog
e:\demo6\app\app\debug\app.tlog\custombuild.write.1.tlog
e:\demo6\app\app\debug\app.tlog\link.command.1.tlog
e:\demo6\app\app\debug\app.tlog\link.read.1.tlog
e:\demo6\app\app\debug\app.tlog\link.write.1.tlog
