  Creating proxy/bridge routines
  Enclave.cpp
Enclave.cpp(214): warning C4018: “<=”: 有符号/无符号不匹配
Enclave.cpp(325): warning C4018: “<”: 有符号/无符号不匹配
Enclave.cpp(356): warning C4101: “s”: 未引用的局部变量
Enclave.cpp(355): warning C4101: “total_size”: 未引用的局部变量
  Enclave_t.c
    正在创建库 E:\demo5\App\Release\Enclave.lib 和对象 E:\demo5\App\Release\Enclave.exp
  Enclave.vcxproj -> E:\demo5\App\Release\Enclave.dll
  Enclave.vcxproj -> E:\demo5\App\Release\Enclave.pdb (Full PDB)
  The required memory is 0x182000.
  Succeed.
  <EnclaveConfiguration>
      <ProdID>0</ProdID>
      <ISVSVN>0</ISVSVN>
      <StackMaxSize>0x40000</StackMaxSize>
      <HeapMaxSize>0x100000</HeapMaxSize>
      <TCSNum>1</TCSNum>
      <TCSPolicy>1</TCSPolicy>
      <DisableDebug>0</DisableDebug>
      <MiscSelect>0</MiscSelect>
      <MiscMask>0xFFFFFFFF</MiscMask>
  </EnclaveConfiguration>
